<?xml version="1.0" encoding="UTF-8"?>
<testsuite name="com.a3c1.refreshMkt.RefreshMktApplicationTests" tests="1" skipped="0" failures="0" errors="0" timestamp="2024-10-01T12:30:31" hostname="S2" time="0.524">
  <properties/>
  <testcase name="contextLoads()" classname="com.a3c1.refreshMkt.RefreshMktApplicationTests" time="0.524"/>
  <system-out><![CDATA[21:30:27.044 [Test worker] INFO org.springframework.test.context.support.AnnotationConfigContextLoaderUtils -- Could not detect default configuration classes for test class [com.a3c1.refreshMkt.RefreshMktApplicationTests]: RefreshMktApplicationTests does not declare any static, non-private, non-final, nested classes annotated with @Configuration.
21:30:27.167 [Test worker] INFO org.springframework.boot.test.context.SpringBootTestContextBootstrapper -- Found @SpringBootConfiguration com.a3c1.refreshMkt.RefreshMktApplication for test class com.a3c1.refreshMkt.RefreshMktApplicationTests

  .   ____          _            __ _ _
 /\\ / ___'_ __ _ _(_)_ __  __ _ \ \ \ \
( ( )\___ | '_ | '_| | '_ \/ _` | \ \ \ \
 \\/  ___)| |_)| | | | | || (_| |  ) ) ) )
  '  |____| .__|_| |_|_| |_\__, | / / / /
 =========|_|==============|___/=/_/_/_/

 :: Spring Boot ::                (v3.3.4)

2024-10-01T21:30:27.567+09:00  INFO 18168 --- [refreshMkt] [    Test worker] c.a.r.RefreshMktApplicationTests         : Starting RefreshMktApplicationTests using Java 23 with PID 18168 (started by julov in C:\SWproject\refreshMkt)
2024-10-01T21:30:27.569+09:00  INFO 18168 --- [refreshMkt] [    Test worker] c.a.r.RefreshMktApplicationTests         : No active profile set, falling back to 1 default profile: "default"
2024-10-01T21:30:28.226+09:00  INFO 18168 --- [refreshMkt] [    Test worker] .s.d.r.c.RepositoryConfigurationDelegate : Bootstrapping Spring Data JPA repositories in DEFAULT mode.
2024-10-01T21:30:28.291+09:00  INFO 18168 --- [refreshMkt] [    Test worker] .s.d.r.c.RepositoryConfigurationDelegate : Finished Spring Data repository scanning in 53 ms. Found 1 JPA repository interface.
2024-10-01T21:30:28.742+09:00  INFO 18168 --- [refreshMkt] [    Test worker] com.zaxxer.hikari.HikariDataSource       : HikariPool-1 - Starting...
2024-10-01T21:30:28.964+09:00  INFO 18168 --- [refreshMkt] [    Test worker] com.zaxxer.hikari.pool.HikariPool        : HikariPool-1 - Added connection org.mariadb.jdbc.Connection@18e4674d
2024-10-01T21:30:28.967+09:00  INFO 18168 --- [refreshMkt] [    Test worker] com.zaxxer.hikari.HikariDataSource       : HikariPool-1 - Start completed.
2024-10-01T21:30:29.037+09:00  INFO 18168 --- [refreshMkt] [    Test worker] o.hibernate.jpa.internal.util.LogHelper  : HHH000204: Processing PersistenceUnitInfo [name: default]
2024-10-01T21:30:29.104+09:00  INFO 18168 --- [refreshMkt] [    Test worker] org.hibernate.Version                    : HHH000412: Hibernate ORM core version 6.5.3.Final
2024-10-01T21:30:29.149+09:00  INFO 18168 --- [refreshMkt] [    Test worker] o.h.c.internal.RegionFactoryInitiator    : HHH000026: Second-level cache disabled
2024-10-01T21:30:29.513+09:00  INFO 18168 --- [refreshMkt] [    Test worker] o.s.o.j.p.SpringPersistenceUnitInfo      : No LoadTimeWeaver setup: ignoring JPA class transformer
2024-10-01T21:30:29.619+09:00  WARN 18168 --- [refreshMkt] [    Test worker] org.hibernate.dialect.Dialect            : HHH000511: The 8.0.35 version for [org.hibernate.dialect.MariaDBDialect] is no longer supported, hence certain features may not work properly. The minimum supported version is 10.4.0. Check the community dialects project for available legacy versions.
2024-10-01T21:30:30.525+09:00  INFO 18168 --- [refreshMkt] [    Test worker] o.h.e.t.j.p.i.JtaPlatformInitiator       : HHH000489: No JTA platform available (set 'hibernate.transaction.jta.platform' to enable JTA platform integration)
2024-10-01T21:30:30.528+09:00  INFO 18168 --- [refreshMkt] [    Test worker] j.LocalContainerEntityManagerFactoryBean : Initialized JPA EntityManagerFactory for persistence unit 'default'
2024-10-01T21:30:30.951+09:00  WARN 18168 --- [refreshMkt] [    Test worker] JpaBaseConfiguration$JpaWebConfiguration : spring.jpa.open-in-view is enabled by default. Therefore, database queries may be performed during view rendering. Explicitly configure spring.jpa.open-in-view to disable this warning
2024-10-01T21:30:31.359+09:00  WARN 18168 --- [refreshMkt] [    Test worker] .s.s.UserDetailsServiceAutoConfiguration : 

Using generated security password: d141d56a-1cc2-4901-93b9-e588e041b28f

This generated password is for development use only. Your security configuration must be updated before running your application in production.

2024-10-01T21:30:31.386+09:00  INFO 18168 --- [refreshMkt] [    Test worker] r$InitializeUserDetailsManagerConfigurer : Global AuthenticationManager configured with UserDetailsService bean with name inMemoryUserDetailsManager
2024-10-01T21:30:31.578+09:00  INFO 18168 --- [refreshMkt] [    Test worker] c.a.r.RefreshMktApplicationTests         : Started RefreshMktApplicationTests in 4.239 seconds (process running for 5.521)
]]></system-out>
  <system-err><![CDATA[WARNING: A Java agent has been loaded dynamically (C:\Users\julov\.gradle\caches\modules-2\files-2.1\net.bytebuddy\byte-buddy-agent\1.14.19\154da3a65b4f4a909d3e5bdec55d1b2b4cbb6ce1\byte-buddy-agent-1.14.19.jar)
WARNING: If a serviceability tool is in use, please run with -XX:+EnableDynamicAgentLoading to hide this warning
WARNING: If a serviceability tool is not in use, please run with -Djdk.instrument.traceUsage for more information
WARNING: Dynamic loading of agents will be disallowed by default in a future release
]]></system-err>
</testsuite>
