<?xml version="1.0" encoding="UTF-8"?>
<testsuite name="com.a3c1.refreshMkt.RefreshMktApplicationTests" tests="1" skipped="0" failures="0" errors="0" timestamp="2024-11-19T09:18:06" hostname="antaemin-ui-MacBookPro.local" time="0.285">
  <properties/>
  <testcase name="contextLoads()" classname="com.a3c1.refreshMkt.RefreshMktApplicationTests" time="0.285"/>
  <system-out><![CDATA[18:18:04.343 [Test worker] INFO org.springframework.test.context.support.AnnotationConfigContextLoaderUtils -- Could not detect default configuration classes for test class [com.a3c1.refreshMkt.RefreshMktApplicationTests]: RefreshMktApplicationTests does not declare any static, non-private, non-final, nested classes annotated with @Configuration.
18:18:04.386 [Test worker] INFO org.springframework.boot.test.context.SpringBootTestContextBootstrapper -- Found @SpringBootConfiguration com.a3c1.refreshMkt.RefreshMktApplication for test class com.a3c1.refreshMkt.RefreshMktApplicationTests

  .   ____          _            __ _ _
 /\\ / ___'_ __ _ _(_)_ __  __ _ \ \ \ \
( ( )\___ | '_ | '_| | '_ \/ _` | \ \ \ \
 \\/  ___)| |_)| | | | | || (_| |  ) ) ) )
  '  |____| .__|_| |_|_| |_\__, | / / / /
 =========|_|==============|___/=/_/_/_/

 :: Spring Boot ::                (v3.3.4)

2024-11-19T18:18:04.517+09:00  WARN 64983 --- [refreshMkt] [    Test worker] ory$DuplicateJsonObjectContextCustomizer : 

Found multiple occurrences of org.json.JSONObject on the class path:

	jar:file:/Users/antaemin/.gradle/caches/modules-2/files-2.1/org.json/json/20210307/528c8df3757e8bcf151817b1d7b9b434f6aa08d5/json-20210307.jar!/org/json/JSONObject.class
	jar:file:/Users/antaemin/.gradle/caches/modules-2/files-2.1/com.vaadin.external.google/android-json/0.0.20131108.vaadin1/fa26d351fe62a6a17f5cda1287c1c6110dec413f/android-json-0.0.20131108.vaadin1.jar!/org/json/JSONObject.class

You may wish to exclude one of them to ensure predictable runtime behavior

2024-11-19T18:18:04.521+09:00  INFO 64983 --- [refreshMkt] [    Test worker] c.a.r.RefreshMktApplicationTests         : Starting RefreshMktApplicationTests using Java 23 with PID 64983 (started by antaemin in /Users/antaemin/Desktop/swTeamProject/refresh-market)
2024-11-19T18:18:04.521+09:00 DEBUG 64983 --- [refreshMkt] [    Test worker] c.a.r.RefreshMktApplicationTests         : Running with Spring Boot v3.3.4, Spring v6.1.13
2024-11-19T18:18:04.521+09:00  INFO 64983 --- [refreshMkt] [    Test worker] c.a.r.RefreshMktApplicationTests         : No active profile set, falling back to 1 default profile: "default"
2024-11-19T18:18:04.532+09:00 DEBUG 64983 --- [refreshMkt] [    Test worker] o.s.w.c.s.GenericWebApplicationContext   : Refreshing org.springframework.web.context.support.GenericWebApplicationContext@13cd7ea5
2024-11-19T18:18:04.739+09:00  INFO 64983 --- [refreshMkt] [    Test worker] .s.d.r.c.RepositoryConfigurationDelegate : Bootstrapping Spring Data JPA repositories in DEFAULT mode.
2024-11-19T18:18:04.760+09:00  INFO 64983 --- [refreshMkt] [    Test worker] .s.d.r.c.RepositoryConfigurationDelegate : Finished Spring Data repository scanning in 18 ms. Found 3 JPA repository interfaces.
2024-11-19T18:18:04.905+09:00  INFO 64983 --- [refreshMkt] [    Test worker] com.zaxxer.hikari.HikariDataSource       : HikariPool-1 - Starting...
2024-11-19T18:18:05.217+09:00  INFO 64983 --- [refreshMkt] [    Test worker] com.zaxxer.hikari.pool.HikariPool        : HikariPool-1 - Added connection org.mariadb.jdbc.Connection@6401188a
2024-11-19T18:18:05.218+09:00  INFO 64983 --- [refreshMkt] [    Test worker] com.zaxxer.hikari.HikariDataSource       : HikariPool-1 - Start completed.
2024-11-19T18:18:05.239+09:00  INFO 64983 --- [refreshMkt] [    Test worker] o.hibernate.jpa.internal.util.LogHelper  : HHH000204: Processing PersistenceUnitInfo [name: default]
2024-11-19T18:18:05.258+09:00  INFO 64983 --- [refreshMkt] [    Test worker] org.hibernate.Version                    : HHH000412: Hibernate ORM core version 6.5.3.Final
2024-11-19T18:18:05.270+09:00  INFO 64983 --- [refreshMkt] [    Test worker] o.h.c.internal.RegionFactoryInitiator    : HHH000026: Second-level cache disabled
2024-11-19T18:18:05.374+09:00  INFO 64983 --- [refreshMkt] [    Test worker] o.s.o.j.p.SpringPersistenceUnitInfo      : No LoadTimeWeaver setup: ignoring JPA class transformer
2024-11-19T18:18:05.403+09:00  WARN 64983 --- [refreshMkt] [    Test worker] org.hibernate.dialect.Dialect            : HHH000511: The 8.0.35 version for [org.hibernate.dialect.MariaDBDialect] is no longer supported, hence certain features may not work properly. The minimum supported version is 10.4.0. Check the community dialects project for available legacy versions.
2024-11-19T18:18:05.763+09:00  INFO 64983 --- [refreshMkt] [    Test worker] o.h.e.t.j.p.i.JtaPlatformInitiator       : HHH000489: No JTA platform available (set 'hibernate.transaction.jta.platform' to enable JTA platform integration)
2024-11-19T18:18:05.765+09:00  INFO 64983 --- [refreshMkt] [    Test worker] j.LocalContainerEntityManagerFactoryBean : Initialized JPA EntityManagerFactory for persistence unit 'default'
2024-11-19T18:18:05.991+09:00 DEBUG 64983 --- [refreshMkt] [    Test worker] s.w.s.m.m.a.RequestMappingHandlerMapping : 14 mappings in 'requestMappingHandlerMapping'
2024-11-19T18:18:06.033+09:00 DEBUG 64983 --- [refreshMkt] [    Test worker] o.s.w.s.handler.SimpleUrlHandlerMapping  : Patterns [/webjars/**, /**] in 'resourceHandlerMapping'
2024-11-19T18:18:06.046+09:00 DEBUG 64983 --- [refreshMkt] [    Test worker] s.w.s.m.m.a.RequestMappingHandlerAdapter : ControllerAdvice beans: 0 @ModelAttribute, 0 @InitBinder, 1 RequestBodyAdvice, 1 ResponseBodyAdvice
2024-11-19T18:18:06.057+09:00 DEBUG 64983 --- [refreshMkt] [    Test worker] .m.m.a.ExceptionHandlerExceptionResolver : ControllerAdvice beans: 0 @ExceptionHandler, 1 ResponseBodyAdvice
2024-11-19T18:18:06.100+09:00  INFO 64983 --- [refreshMkt] [    Test worker] c.a.r.RefreshMktApplicationTests         : Started RefreshMktApplicationTests in 1.661 seconds (process running for 2.144)
]]></system-out>
  <system-err><![CDATA[WARNING: A Java agent has been loaded dynamically (/Users/antaemin/.gradle/caches/modules-2/files-2.1/net.bytebuddy/byte-buddy-agent/1.14.19/154da3a65b4f4a909d3e5bdec55d1b2b4cbb6ce1/byte-buddy-agent-1.14.19.jar)
WARNING: If a serviceability tool is in use, please run with -XX:+EnableDynamicAgentLoading to hide this warning
WARNING: If a serviceability tool is not in use, please run with -Djdk.instrument.traceUsage for more information
WARNING: Dynamic loading of agents will be disallowed by default in a future release
]]></system-err>
</testsuite>
